<?xml version="1.0" encoding="UTF-8"?>
<!-- Generated by org.testng.reporters.JUnitReportReporter -->
<testsuite hostname="DESKTOP-1P6EC4M" failures="0" tests="2" name="testaddtask_data" time="٤٧.٩٤٦" errors="0" timestamp="٢٠ أكتوبر ٢٠٢٤ ٠٨:٠٣:١١ GMT" skipped="0">
  <testcase classname="testaddtask_data" name="test_add_task" time="٢١.٠٥٣"/>
  <testcase classname="testaddtask_data" name="test_add_task" time="٢٦.٨٩٣"/>
</testsuite> <!-- testaddtask_data -->
