<?xml version="1.0" encoding="UTF-8"?>
<!-- Generated by org.testng.reporters.JUnitReportReporter -->
<testsuite hostname="DESKTOP-1P6EC4M" failures="0" tests="2" name="runner.TestRunner" time="٥٤.٢٤٧" errors="0" timestamp="٢٩ أكتوبر ٢٠٢٤ ٠٨:٠٩:٢١ GMT" skipped="0">
  <testcase classname="runner.TestRunner" name="runScenario" time="٣٢.٩٤٩"/>
  <testcase classname="runner.TestRunner" name="runScenario" time="٢١.٢٩٨"/>
</testsuite> <!-- runner.TestRunner -->
