<?xml version="1.0" encoding="UTF-8"?>
<!-- Generated by org.testng.reporters.JUnitReportReporter -->
<testsuite hostname="DESKTOP-1P6EC4M" failures="0" tests="1" name="tests.testaddtask" time="٢٧.٦٨٢" errors="0" timestamp="٢٨ أكتوبر ٢٠٢٤ ٠٧:٢٤:٤٠ GMT" skipped="0">
  <testcase classname="tests.testaddtask" name="test_add_task" time="٢٧.٦٨٢"/>
</testsuite> <!-- tests.testaddtask -->
