<?xml version="1.0" encoding="UTF-8"?>
<!-- Generated by org.testng.reporters.JUnitReportReporter -->
<testsuite hostname="DESKTOP-1P6EC4M" failures="0" tests="1" name="testaddtask" time="٣٩.٣٩٧" errors="0" timestamp="١٧ أكتوبر ٢٠٢٤ ٠٧:٥٠:١٤ GMT" skipped="0">
  <testcase classname="testaddtask" name="test_add_task" time="٣٩.٣٩٧"/>
</testsuite> <!-- testaddtask -->
